<?xml version="1.0" encoding="UTF-8"?>
<!-- Generated by org.testng.reporters.JUnitReportReporter -->
<testsuite hostname="DESKTOP-6BJI3SN" failures="0" tests="1" name="AUT.EFORMS.EFTP111" time="47.979" errors="0" timestamp="08 May 2019 12:27:20 GMT" skipped="0">
  <testcase classname="AUT.EFORMS.EFTP111" name="TEST111" time="47.979"/>
</testsuite> <!-- AUT.EFORMS.EFTP111 -->
