<?xml version="1.0" encoding="UTF-8"?>
<!-- Generated by org.testng.reporters.JUnitReportReporter -->
<testsuite hostname="DESKTOP-6BJI3SN" failures="0" tests="1" name="AUT.EFORMS.EFTP100" time="38.058" errors="0" timestamp="30 Apr 2019 16:17:24 GMT" skipped="0">
  <testcase classname="AUT.EFORMS.EFTP100" name="TEST100" time="38.058"/>
</testsuite> <!-- AUT.EFORMS.EFTP100 -->
