<?xml version="1.0" encoding="UTF-8"?>
<!-- Generated by org.testng.reporters.JUnitReportReporter -->
<testsuite hostname="DESKTOP-6BJI3SN" failures="0" tests="1" name="MavenTest.EFORMS.EFTP97_Cliquer_sur_Camera" time="65.696" errors="0" timestamp="10 Apr 2019 15:58:03 GMT">
  <testcase classname="MavenTest.EFORMS.EFTP97_Cliquer_sur_Camera" name="testUntitled" time="65.696"/>
</testsuite> <!-- MavenTest.EFORMS.EFTP97_Cliquer_sur_Camera -->
