<?xml version="1.0" encoding="UTF-8"?>
<!-- Generated by org.testng.reporters.JUnitReportReporter -->
<testsuite hostname="DESKTOP-6BJI3SN" failures="0" tests="1" name="AUT.EFORMS.EFTP96" time="23.447" errors="0" timestamp="30 Apr 2019 13:45:50 GMT" skipped="0">
  <testcase classname="AUT.EFORMS.EFTP96" name="TEST96" time="23.447"/>
</testsuite> <!-- AUT.EFORMS.EFTP96 -->
