<?xml version="1.0" encoding="UTF-8"?>
<!-- Generated by org.testng.reporters.JUnitReportReporter -->
<testsuite hostname="DESKTOP-6BJI3SN" failures="0" tests="1" name="AUT.EFORMS.EFTP124" time="51.001" errors="0" timestamp="09 May 2019 13:39:56 GMT" skipped="0">
  <testcase classname="AUT.EFORMS.EFTP124" name="TEST124" time="51.001"/>
</testsuite> <!-- AUT.EFORMS.EFTP124 -->
