<?xml version="1.0" encoding="UTF-8"?>
<!-- Generated by org.testng.reporters.JUnitReportReporter -->
<testsuite hostname="DESKTOP-6BJI3SN" failures="0" tests="1" name="AUT.EFORMS.EFTP95" time="53.662" errors="0" timestamp="02 May 2019 11:07:46 GMT" skipped="0">
  <testcase classname="AUT.EFORMS.EFTP95" name="TEST95" time="53.662"/>
</testsuite> <!-- AUT.EFORMS.EFTP95 -->
