<?xml version="1.0" encoding="UTF-8"?>
<!-- Generated by org.testng.reporters.JUnitReportReporter -->
<testsuite hostname="DESKTOP-6BJI3SN" failures="0" tests="1" name="AUT.EFORMS.EFTP104" time="21.890" errors="0" timestamp="30 Apr 2019 16:31:30 GMT" skipped="0">
  <testcase classname="AUT.EFORMS.EFTP104" name="TEST104" time="21.890"/>
</testsuite> <!-- AUT.EFORMS.EFTP104 -->
