<?xml version="1.0" encoding="UTF-8"?>
<!-- Generated by org.testng.reporters.JUnitReportReporter -->
<testsuite hostname="DESKTOP-6BJI3SN" failures="0" tests="1" name="AUT.EFORMS.EFTP105" time="51.398" errors="0" timestamp="30 Apr 2019 16:40:01 GMT" skipped="0">
  <testcase classname="AUT.EFORMS.EFTP105" name="TEST105" time="51.398"/>
</testsuite> <!-- AUT.EFORMS.EFTP105 -->
