<?xml version="1.0" encoding="UTF-8"?>
<!-- Generated by org.testng.reporters.JUnitReportReporter -->
<testsuite hostname="DESKTOP-6BJI3SN" failures="0" tests="1" name="AUT.EFORMS.EFTP97" time="42.460" errors="0" timestamp="30 Apr 2019 14:08:56 GMT" skipped="0">
  <testcase classname="AUT.EFORMS.EFTP97" name="TEST96" time="42.460"/>
</testsuite> <!-- AUT.EFORMS.EFTP97 -->
