<?xml version="1.0" encoding="UTF-8"?>
<!-- Generated by org.testng.reporters.JUnitReportReporter -->
<testsuite hostname="DESKTOP-6BJI3SN" failures="0" tests="1" name="AUT.EFORMS.EFTP118" time="44.155" errors="0" timestamp="09 May 2019 13:11:53 GMT" skipped="0">
  <testcase classname="AUT.EFORMS.EFTP118" name="TEST118" time="44.155"/>
</testsuite> <!-- AUT.EFORMS.EFTP118 -->
