<?xml version="1.0" encoding="UTF-8"?>
<!-- Generated by org.testng.reporters.JUnitReportReporter -->
<testsuite hostname="DESKTOP-6BJI3SN" failures="0" tests="1" name="MavenTest.EFORMS.EFTP96_Cliquer_sur_la_thematique_Stationnement" time="37.669" errors="0" timestamp="9 Apr 2019 10:11:22 GMT">
  <testcase classname="MavenTest.EFORMS.EFTP96_Cliquer_sur_la_thematique_Stationnement" name="testUntitled" time="37.669"/>
</testsuite> <!-- MavenTest.EFORMS.EFTP96_Cliquer_sur_la_thematique_Stationnement -->
