<?xml version="1.0" encoding="UTF-8"?>
<!-- Generated by org.testng.reporters.JUnitReportReporter -->
<testsuite hostname="DESKTOP-6BJI3SN" failures="0" tests="1" name="MavenTest.EFORMS.EFTP97_Cliquer_sur_Camera" time="43.120" errors="0" timestamp="12 Apr 2019 10:15:47 GMT" skipped="0">
  <testcase classname="MavenTest.EFORMS.EFTP97_Cliquer_sur_Camera" name="testUntitled" time="43.120"/>
</testsuite> <!-- MavenTest.EFORMS.EFTP97_Cliquer_sur_Camera -->
