<?xml version="1.0" encoding="UTF-8"?>
<!-- Generated by org.testng.reporters.JUnitReportReporter -->
<testsuite hostname="DESKTOP-6BJI3SN" failures="0" tests="1" name="AUT.EFORMS.EFTP106" time="38.972" errors="0" timestamp="08 May 2019 10:45:59 GMT" skipped="0">
  <testcase classname="AUT.EFORMS.EFTP106" name="TEST106" time="38.972"/>
</testsuite> <!-- AUT.EFORMS.EFTP106 -->
