<?xml version="1.0" encoding="UTF-8"?>
<!-- Generated by org.testng.reporters.JUnitReportReporter -->
<testsuite hostname="DESKTOP-6BJI3SN" failures="0" tests="1" name="AUT.EFORMS.EFTP112" time="61.176" errors="0" timestamp="08 May 2019 13:25:36 GMT" skipped="0">
  <testcase classname="AUT.EFORMS.EFTP112" name="TEST112" time="61.176"/>
</testsuite> <!-- AUT.EFORMS.EFTP112 -->
