<?xml version="1.0" encoding="UTF-8"?>
<!-- Generated by org.testng.reporters.JUnitReportReporter -->
<testsuite hostname="DESKTOP-6BJI3SN" failures="0" tests="1" name="AUT.EFORMS.EFTP120" time="44.411" errors="0" timestamp="09 May 2019 13:24:58 GMT" skipped="0">
  <testcase classname="AUT.EFORMS.EFTP120" name="TEST120" time="44.411"/>
</testsuite> <!-- AUT.EFORMS.EFTP120 -->
