<?xml version="1.0" encoding="UTF-8"?>
<!-- Generated by org.testng.reporters.JUnitReportReporter -->
<testsuite hostname="DESKTOP-6BJI3SN" failures="0" tests="1" name="AUT.EFORMS.EFTP103" time="27.331" errors="0" timestamp="30 Apr 2019 16:24:57 GMT" skipped="0">
  <testcase classname="AUT.EFORMS.EFTP103" name="TEST103" time="27.331"/>
</testsuite> <!-- AUT.EFORMS.EFTP103 -->
