<?xml version="1.0" encoding="UTF-8"?>
<!-- Generated by org.testng.reporters.JUnitReportReporter -->
<testsuite hostname="DESKTOP-6BJI3SN" failures="0" tests="1" name="AUT.EFORMS.EFTP99" time="61.930" errors="0" timestamp="30 Apr 2019 15:49:06 GMT" skipped="0">
  <testcase classname="AUT.EFORMS.EFTP99" name="TEST96" time="61.930"/>
</testsuite> <!-- AUT.EFORMS.EFTP99 -->
