<?xml version="1.0" encoding="UTF-8"?>
<!-- Generated by org.testng.reporters.JUnitReportReporter -->
<testsuite hostname="DESKTOP-6BJI3SN" failures="0" tests="1" name="MavenTest.EFORMS.EFTP96_Cliquer_sur_la_thematique_Stationnement" time="79.187" errors="0" timestamp="26 Apr 2019 16:06:59 GMT" skipped="0">
  <testcase classname="MavenTest.EFORMS.EFTP96_Cliquer_sur_la_thematique_Stationnement" name="EFTP96" time="79.187"/>
</testsuite> <!-- MavenTest.EFORMS.EFTP96_Cliquer_sur_la_thematique_Stationnement -->
