<?xml version="1.0" encoding="UTF-8"?>
<!-- Generated by org.testng.reporters.JUnitReportReporter -->
<testsuite hostname="DESKTOP-6BJI3SN" failures="0" tests="1" name="AUT.EFORMS.EFTP98" time="45.263" errors="0" timestamp="30 Apr 2019 14:14:48 GMT" skipped="0">
  <testcase classname="AUT.EFORMS.EFTP98" name="TEST96" time="45.263"/>
</testsuite> <!-- AUT.EFORMS.EFTP98 -->
