<?xml version="1.0" encoding="UTF-8"?>
<!-- Generated by org.testng.reporters.JUnitReportReporter -->
<testsuite hostname="DESKTOP-6BJI3SN" failures="0" tests="1" name="AUT.EFORMS.EFTP110" time="43.003" errors="0" timestamp="08 May 2019 12:13:37 GMT" skipped="0">
  <testcase classname="AUT.EFORMS.EFTP110" name="TEST110" time="43.003"/>
</testsuite> <!-- AUT.EFORMS.EFTP110 -->
